00000244 Android
00000250 r26b
00000290 10909125
000002e6 Q KOu
000018aa 4LpN
000018c3 &"o|}
000018e5 JNI_OnLoad
000018f0 __cxa_finalize
000018ff __cxa_atexit
0000190c __register_atfork
0000191e __android_log_print
00001932 strdup
00001939 __stack_chk_fail
0000194a setenv
00001951 memset
00001958 _ZNSt6__ndk124__put_character_sequenceIcNS_11char_traitsIcEEEERNS_13basic_ostreamIT_T0_EES7_PKS4_m
000019bf _ZNSt6__ndk112basic_stringIcNS_11char_traitsIcEENS_9allocatorIcEEE6appendEPKcm
00001a0e popen
00001a14 fileno
00001a1b dup2
00001a20 _ZNSt6__ndk112basic_stringIcNS_11char_traitsIcEENS_9allocatorIcEEEaSERKS5_
00001a6b fflush
00001a72 pclose
00001a79 _ZTTNSt6__ndk118basic_stringstreamIcNS_11char_traitsIcEENS_9allocatorIcEEEE
00001ac5 _ZTVNSt6__ndk115basic_stringbufIcNS_11char_traitsIcEENS_9allocatorIcEEEE
00001b0e _ZNSt6__ndk115basic_streambufIcNS_11char_traitsIcEEED2Ev
00001b47 _ZNSt6__ndk114basic_iostreamIcNS_11char_traitsIcEEED2Ev
00001b7f _ZNSt6__ndk19basic_iosIcNS_11char_traitsIcEEED2Ev
00001bb1 _ZTVNSt6__ndk118basic_stringstreamIcNS_11char_traitsIcEENS_9allocatorIcEEEE
00001bfd _ZNSt6__ndk18ios_base4initEPv
00001c1b _ZNSt6__ndk115basic_streambufIcNS_11char_traitsIcEEEC2Ev
00001c54 strlen
00001c5b memmove
00001c63 _ZNSt6__ndk112basic_stringIcNS_11char_traitsIcEENS_9allocatorIcEEE21__grow_by_and_replaceEmmmmmmPKc
00001cc7 _ZNKSt6__ndk16__treeINS_12basic_stringIcNS_11char_traitsIcEENS_9allocatorIcEEEENS_4lessIS6_EENS4_IS6_EEE14__count_uniqueIS6_EEmRKT_
00001d4b _ZNKSt6__ndk16__treeINS_12__value_typeINS_12basic_stringIcNS_11char_traitsIcEENS_9allocatorIcEEEEN7testing8internal12CodeLocationEEENS_19__map_value_compareIS7_SB_NS_4lessIvEELb1EEENS5_ISB_EEE14__count_uniqueIS7_EEmRKT_
00001e27 _ZNSt6__ndk16__treeINS_12basic_stringIcNS_11char_traitsIcEENS_9allocatorIcEEEENS_4lessIS6_EENS4_IS6_EEE25__emplace_unique_key_argsIS6_JRKS6_EEENS_4pairINS_15__tree_iteratorIS6_PNS_11__tree_nodeIS6_PvEElEEbEERKT_DpOT0_
00001f01 getenv
00001f08 __errno
00001f10 strerror
00001f19 stderr
00001f20 fputs
00001f26 fputc
00001f2c _Exit
00001f32 read
00001f37 _ZNSt6__ndk14cerrE
00001f4a close
00001f50 _ZNSt6__ndk113basic_ostreamIcNS_11char_traitsIcEEElsEj
00001f87 _ZNSt6__ndk113basic_ostreamIcNS_11char_traitsIcEEElsEi
00001fbe write
00001fc4 _ZTTNSt6__ndk119basic_ostringstreamIcNS_11char_traitsIcEENS_9allocatorIcEEEE
00002011 _ZNSt6__ndk113basic_ostreamIcNS_11char_traitsIcEEED2Ev
00002048 _ZNKSt6__ndk112basic_stringIcNS_11char_traitsIcEENS_9allocatorIcEEE4findEcm
00002094 _ZNSt6__ndk112basic_stringIcNS_11char_traitsIcEENS_9allocatorIcEEEC2ERKS5_mmRKS4_
000020e6 _ZTVNSt6__ndk119basic_ostringstreamIcNS_11char_traitsIcEENS_9allocatorIcEEEE
00002133 waitpid
0000213b _ZNSt6__ndk113basic_ostreamIcNS_11char_traitsIcEEElsEm
00002172 pipe
00002177 fork
0000217c getpid
00002183 _ZNSt6__ndk113basic_istreamIcNS_11char_traitsIcEEErsERm
000021bb _ZTTNSt6__ndk114basic_ifstreamIcNS_11char_traitsIcEEEE
000021f2 _ZNSt6__ndk113basic_filebufIcNS_11char_traitsIcEEED1Ev
00002229 _ZNSt6__ndk113basic_istreamIcNS_11char_traitsIcEEED2Ev
00002260 fcntl
00002266 memcpy
0000226d sigemptyset
00002279 sigaction
00002283 getpagesize
0000228f mmap
00002294 clone
0000229a munmap
000022a1 memcmp
000022a8 _ZNSt6__ndk112basic_stringIcNS_11char_traitsIcEENS_9allocatorIcEEE6insertEmPKcm
000022f8 _ZNSt6__ndk1plIcNS_11char_traitsIcEENS_9allocatorIcEEEENS_12basic_stringIT_T0_T1_EEPKS6_RKS9_
00002356 strtoull
0000235f getcwd
00002366 strcasecmp
00002371 strrchr
00002379 stat
0000237e mkdir
00002384 _ZNSt6__ndk112basic_stringIcNS_11char_traitsIcEENS_9allocatorIcEEE5eraseEmm
000023d0 _ZNKSt6__ndk18ios_base6getlocEv
000023f0 _ZNSt6__ndk15ctypeIcE2idE
0000240a _ZNKSt6__ndk16locale9use_facetERNS0_2idE
00002433 _ZNSt6__ndk16localeD1Ev
0000244b _ZNSt6__ndk113basic_ostreamIcNS_11char_traitsIcEEE3putEc
00002484 _ZNSt6__ndk113basic_ostreamIcNS_11char_traitsIcEEE5flushEv
000024bf abort
000024c5 fseek
000024cb ftell
000024d1 fread
000024d7 strtol
000024de printf
000024e5 stdout
000024ec strstr
000024f3 strchr
000024fa fprintf
00002502 _ZNSt6__ndk16__treeINS_12basic_stringIcNS_11char_traitsIcEENS_9allocatorIcEEEENS_4lessIS6_EENS4_IS6_EEE25__emplace_unique_key_argsIS6_JS6_EEENS_4pairINS_15__tree_iteratorIS6_PNS_11__tree_nodeIS6_PvEElEEbEERKT_DpOT0_
000025da _ZNKSt6__ndk16__treeINS_12basic_stringIcNS_11char_traitsIcEENS_9allocatorIcEEEENS_4lessIS6_EENS4_IS6_EEE4findIS6_EENS_21__tree_const_iteratorIS6_PNS_11__tree_nodeIS6_PvEElEERKT_
0000268c _ZNSt6__ndk16__treeINS_12__value_typeINS_12basic_stringIcNS_11char_traitsIcEENS_9allocatorIcEEEEN7testing8internal34TypeParameterizedTestSuiteRegistry30TypeParameterizedTestSuiteInfoEEENS_19__map_value_compareIS7_SC_NS_4lessIS7_EELb1EEENS5_ISC_EEE25__emplace_unique_key_argsIS7_JS7_SB_EEENS_4pairINS_15__tree_iteratorISC_PNS_11__tree_nodeISC_PvEElEEbEERKT_DpOT0_
000027f7 _ZNSt6__ndk16__treeINS_12__value_typeINS_12basic_stringIcNS_11char_traitsIcEENS_9allocatorIcEEEEN7testing8internal34TypeParameterizedTestSuiteRegistry30TypeParameterizedTestSuiteInfoEEENS_19__map_value_compareIS7_SC_NS_4lessIS7_EELb1EEENS5_ISC_EEE4findIS7_EENS_15__tree_iteratorISC_PNS_11__tree_nodeISC_PvEElEERKT_
00002932 _ZNSt6__ndk112__hash_tableINS_12basic_stringIcNS_11char_traitsIcEENS_9allocatorIcEEEENS_4hashIS6_EENS_8equal_toIS6_EENS4_IS6_EEE25__emplace_unique_key_argsIS6_JS6_EEENS_4pairINS_15__hash_iteratorIPNS_11__hash_nodeIS6_PvEEEEbEERKT_DpOT0_
00002a1f _ZNKSt6__ndk112__hash_tableINS_12basic_stringIcNS_11char_traitsIcEENS_9allocatorIcEEEENS_4hashIS6_EENS_8equal_toIS6_EENS4_IS6_EEE4findIS6_EENS_21__hash_const_iteratorIPNS_11__hash_nodeIS6_PvEEEERKT_
00002ae6 _ZNSt6__ndk16chrono12system_clock3nowEv
00002b0e _ZNSt6__ndk16chrono12system_clock11from_time_tEl
00002b3f strcmp
00002b46 _ZNSt6__ndk112basic_stringIcNS_11char_traitsIcEENS_9allocatorIcEEE7reserveEm
00002b93 _ZNSt6__ndk112basic_stringIcNS_11char_traitsIcEENS_9allocatorIcEEE9push_backEc
00002be2 _ZNSt6__ndk16__treeINS_12__value_typeINS_12basic_stringIcNS_11char_traitsIcEENS_9allocatorIcEEEEmEENS_19__map_value_compareIS7_S8_NS_4lessIS7_EELb1EEENS5_IS8_EEE4findIS7_EENS_15__tree_iteratorIS8_PNS_11__tree_nodeIS8_PvEElEERKT_
00002cc7 _ZNSt6__ndk119piecewise_constructE
00002cea _ZNSt6__ndk16__treeINS_12__value_typeINS_12basic_stringIcNS_11char_traitsIcEENS_9allocatorIcEEEEmEENS_19__map_value_compareIS7_S8_NS_4lessIS7_EELb1EEENS5_IS8_EEE25__emplace_unique_key_argsIS7_JRKNS_21piecewise_construct_tENS_5tupleIJRKS7_EEENSJ_IJEEEEEENS_4pairINS_15__tree_iteratorIS8_PNS_11__tree_nodeIS8_PvEElEEbEERKT_DpOT0_
00002e32 _ZNSt6__ndk113basic_ostreamIcNS_11char_traitsIcEEElsEd
00002e69 pthread_mutex_init
00002e7c pthread_mutex_destroy
00002e92 _ZNSt6__ndk16chrono12steady_clock3nowEv
00002eba vprintf
00002ec2 isatty
00002ec9 exit
00002ece puts
00002ed3 putchar
00002edb _ZNSt6__ndk113basic_ostreamIcNS_11char_traitsIcEEElsEl
00002f12 fclose
00002f19 fopen
00002f1f localtime_r
00002f2b _ZNSt6__ndk113basic_ostreamIcNS_11char_traitsIcEEE5writeEPKcl
00002f69 __strlen_chk
00002f76 getaddrinfo
00002f82 gai_strerror
00002f8f socket
00002f96 connect
00002f9e freeaddrinfo
00002fab remove
00002fb2 pthread_getspecific
00002fc6 pthread_key_delete
00002fd9 _ZNSt6__ndk112__hash_tableINS_17__hash_value_typeINS_12basic_stringIcNS_11char_traitsIcEENS_9allocatorIcEEEEPN7testing9TestSuiteEEENS_22__unordered_map_hasherIS7_SB_NS_4hashIS7_EENS_8equal_toIS7_EELb1EEENS_21__unordered_map_equalIS7_SB_SG_SE_Lb1EEENS5_ISB_EEE4findIS7_EENS_15__hash_iteratorIPNS_11__hash_nodeISB_PvEEEERKT_
0000311c _ZNSt6__ndk112__hash_tableINS_17__hash_value_typeINS_12basic_stringIcNS_11char_traitsIcEENS_9allocatorIcEEEEPN7testing9TestSuiteEEENS_22__unordered_map_hasherIS7_SB_NS_4hashIS7_EENS_8equal_toIS7_EELb1EEENS_21__unordered_map_equalIS7_SB_SG_SE_Lb1EEENS5_ISB_EEE25__emplace_unique_key_argsIS7_JRKS7_RKSA_EEENS_4pairINS_15__hash_iteratorIPNS_11__hash_nodeISB_PvEEEEbEERKT_DpOT0_
00003293 fwrite
0000329a strncmp
000032a2 _ZNSt6__ndk112basic_stringIcNS_11char_traitsIcEENS_9allocatorIcEEE6appendEmc
000032ef fdopen
000032f6 chdir
000032fc execv
00003302 mkstemp
0000330a _ZNSt6__ndk112__hash_tableINS_12basic_stringIcNS_11char_traitsIcEENS_9allocatorIcEEEENS_4hashIS6_EENS_8equal_toIS6_EENS4_IS6_EEE8__rehashILb1EEEvm
0000339d _ZNSt6__ndk112__next_primeEm
000033ba _ZNSt6__ndk112__hash_tableINS_12basic_stringIcNS_11char_traitsIcEENS_9allocatorIcEEEENS_4hashIS6_EENS_8equal_toIS6_EENS4_IS6_EEE11__do_rehashILb1EEEvm
00003451 pthread_mutex_lock
00003464 pthread_self
00003471 pthread_mutex_unlock
00003486 _ZNSt6__ndk16__treeINS_12__value_typeINS_12basic_stringIcNS_11char_traitsIcEENS_9allocatorIcEEEEmEENS_19__map_value_compareIS7_S8_NS_4lessIS7_EELb1EEENS5_IS8_EEE12__find_equalIS7_EERPNS_16__tree_node_baseIPvEERPNS_15__tree_end_nodeISJ_EERKT_
00003578 _ZNSt6__ndk16__treeINS_12__value_typeINS_12basic_stringIcNS_11char_traitsIcEENS_9allocatorIcEEEEmEENS_19__map_value_compareIS7_S8_NS_4lessIS7_EELb1EEENS5_IS8_EEE16__construct_nodeIJRKNS_21piecewise_construct_tENS_5tupleIJRKS7_EEENSJ_IJEEEEEENS_10unique_ptrINS_11__tree_nodeIS8_PvEENS_22__tree_node_destructorINS5_ISR_EEEEEEDpOT_
000036c1 pthread_setspecific
000036d5 __write_chk
000036e1 _ZTVNSt6__ndk114basic_ifstreamIcNS_11char_traitsIcEEEE
00003718 _ZNSt6__ndk113basic_filebufIcNS_11char_traitsIcEEEC1Ev
0000374f _ZNSt6__ndk113basic_filebufIcNS_11char_traitsIcEEE4openEPKcj
0000378c _ZNSt6__ndk18ios_base5clearEj
000037aa _ZNSt6__ndk113basic_istreamIcNS_11char_traitsIcEEE6sentryC1ERS3_b
000037ec _ZNSt6__ndk16__treeINS_12basic_stringIcNS_11char_traitsIcEENS_9allocatorIcEEEENS_4lessIS6_EENS4_IS6_EEE12__find_equalIS6_EERPNS_16__tree_node_baseIPvEERPNS_15__tree_end_nodeISF_EERKT_
000038a4 _ZNSt6__ndk16__treeINS_12basic_stringIcNS_11char_traitsIcEENS_9allocatorIcEEEENS_4lessIS6_EENS4_IS6_EEE16__construct_nodeIJRKS6_EEENS_10unique_ptrINS_11__tree_nodeIS6_PvEENS_22__tree_node_destructorINS4_ISH_EEEEEEDpOT_
0000397f _ZNSt6__ndk14coutE
00003992 _ZNSt6__ndk16__treeINS_12__value_typeINS_12basic_stringIcNS_11char_traitsIcEENS_9allocatorIcEEEEN7testing8internal34TypeParameterizedTestSuiteRegistry30TypeParameterizedTestSuiteInfoEEENS_19__map_value_compareIS7_SC_NS_4lessIS7_EELb1EEENS5_ISC_EEE12__find_equalIS7_EERPNS_16__tree_node_baseIPvEERPNS_15__tree_end_nodeISN_EERKT_
00003ada pthread_key_create
00003aed _ZNSt6__ndk112__hash_tableINS_17__hash_value_typeINS_12basic_stringIcNS_11char_traitsIcEENS_9allocatorIcEEEEPN7testing9TestSuiteEEENS_22__unordered_map_hasherIS7_SB_NS_4hashIS7_EENS_8equal_toIS7_EELb1EEENS_21__unordered_map_equalIS7_SB_SG_SE_Lb1EEENS5_ISB_EEE21__construct_node_hashIRKS7_JRKSA_EEENS_10unique_ptrINS_11__hash_nodeISB_PvEENS_22__hash_node_destructorINS5_ISU_EEEEEEmOT_DpOT0_
00003c73 _ZNSt6__ndk112__hash_tableINS_17__hash_value_typeINS_12basic_stringIcNS_11char_traitsIcEENS_9allocatorIcEEEEPN7testing9TestSuiteEEENS_22__unordered_map_hasherIS7_SB_NS_4hashIS7_EENS_8equal_toIS7_EELb1EEENS_21__unordered_map_equalIS7_SB_SG_SE_Lb1EEENS5_ISB_EEE8__rehashILb1EEEvm
00003d89 _ZNSt6__ndk112__hash_tableINS_17__hash_value_typeINS_12basic_stringIcNS_11char_traitsIcEENS_9allocatorIcEEEEPN7testing9TestSuiteEEENS_22__unordered_map_hasherIS7_SB_NS_4hashIS7_EENS_8equal_toIS7_EELb1EEENS_21__unordered_map_equalIS7_SB_SG_SE_Lb1EEENS5_ISB_EEE11__do_rehashILb1EEEvm
00003ea3 _ZNSt6__ndk19to_stringEl
00003ebc __wrap__ZTISt12out_of_range
00003ed8 __wrap__ZTISt12length_error
00003ef4 __wrap___cxa_begin_catch
00003f0d __wrap__ZTVN10__cxxabiv120__si_class_type_infoE
00003f3d __wrap__ZTVN10__cxxabiv117__class_type_infoE
00003f6a __wrap__ZnwmRKSt9nothrow_t
00003f85 __wrap___cxa_allocate_exception
00003fa5 __wrap___cxa_guard_release
00003fc0 __wrap__ZdlPv
00003fce __wrap__ZdaPv
00003fdc __wrap__ZNSt12out_of_rangeD1Ev
00003ffb __wrap__ZNSt13runtime_errorD1Ev
0000401b __wrap___cxa_guard_abort
00004034 __wrap__ZNSt20bad_array_new_lengthD1Ev
0000405b __wrap___cxa_end_catch
00004072 __wrap__ZNSt13runtime_errorC2EPKc
00004094 __wrap___cxa_pure_virtual
000040ae __wrap__ZTVSt12out_of_range
000040ca __wrap__ZTVSt12length_error
000040e6 __wrap___gxx_personality_v0
00004102 __wrap__Unwind_Resume
00004118 __wrap___cxa_throw
0000412b __wrap___cxa_free_exception
00004147 __wrap__Znam
00004154 __wrap__ZNKSt13runtime_error4whatEv
00004178 __wrap__Znwm
00004185 __wrap__ZSt9terminatev
0000419c __wrap__ZTISt9exception
000041b4 __wrap__ZNSt11logic_errorC2EPKc
000041d4 __wrap__ZNSt12length_errorD1Ev
000041f3 __wrap__ZNSt20bad_array_new_lengthC1Ev
0000421a __wrap___cxa_guard_acquire
00004235 __wrap___cxa_rethrow
0000424a __wrap__ZTISt20bad_array_new_length
0000426e __wrap___dynamic_cast
00004284 __wrap__ZSt7nothrow
00004298 __wrap__ZNSt13runtime_errorC1EPKc
000042ba __wrap__ZTVN10__cxxabiv121__vmi_class_type_infoE
000042eb __wrap__ZNSt13runtime_errorD2Ev
0000430b __wrap__ZTISt13runtime_error
00004328 getauxval
00004332 __system_property_get
00004348 libc.so
00004350 LIBC
00004355 LIBC_N
0000435c liblog.so
00004366 libc++_shared.so
00004377 libtest_runner.so
00004390 APS2
00008596 alacritty
000085a0 xterm-kitty
000085ac property
000085b5 Death tests use fork(), which is unsafe particularly
000085ea  is expected to be a 32-bit integer, but actually
0000861c the test body
0000862a linux
00008630 tmux
0000863b setJniEnvAndApplicationContext
0000865a output
00008661 Failed to add %s/%s to result list
00008684 java/util/ArrayList
00008698 internal_run_death_test
000086b0 runGtest
000086b9 DeathTest::Passed somehow called before conclusion of test
000086f4 Google Test
00008700 fail_fast
0000870a event=TestProgramStart
00008721 Failed to find HashMap.putIfAbsent
00008744 Setting up JNI environment
0000875f result
00008766 JNIEnv not initialized yet
00008781 Cannot run a death test outside of a TEST or TEST_F construct
000087bf /stat
000087c5 repeat
000087cf status
000087d6 list_tests
000087e1 also_run_disabled_tests
000087f9 listTests
00008803 AllTests
0000880c Failed to construct HashMap to store results
00008839 Success
00008841 Failed to find ArrayList class
00008860 Failed to find HashMap class
0000887d errors
00008884 catch_exceptions
00008895 Registering JNI functions
000088b2 --gtest_color=yes
000088c4 testsuites
000088cf test suites
000088db failures
000088e4 properties
000088ef  See https://github.com/google/googletest/blob/main/docs/advanced.md#death-tests-and-threads
0000894c %s.%s
00008952 Running unit test %s
00008967 Failed to find class %s
0000897f Redirecting log output to %s
0000899c %s from %s
000089a7 %s = %s
000089af WARNING: %s
000089bb   %s
000089c0 stderr
000089c7 Failed to find ArrayList constructor
000089ec the test fixture's constructor
00008a0b Failed to find HashMap constructor
00008a2e the test fixture's destructor
00008a4c vector
00008a53 -256color
00008a5d xterm-color
00008a69 filter
00008a70 com/facebook/oculus/jni_test/GTestRunner
00008a99 install_failure_signal_handler
00008abb third-party/googletest/tpxintegration/MetaResultReporter.cpp
00008af8 test_runner.cpp
00008b08 timestamp
00008b12 java/util/HashMap
00008b24 auto
00008b29 stream_result_to
00008b3a Global test environment tear-down
00008b5c notrun
00008b63 json
00008b68 Unknown C++ exception
00008b7e GoogleTestVerification
00008b95 cygwin
00008b9c screen
00008ba7 [0;3%sm
00008baf xterm
00008bb5 value_param
00008bc1 type_param
00008bd0 JSON output file may not be null
00008bf1 XML output file may not be null
00008c11 death_test_use_fork
00008c25 stack_trace_depth
00008c37 ro.arch
00008c3f third-party/googletest/HEAD/googletest/googletest/include/gtest/internal/gtest-port.h
00008c95 third-party/googletest/HEAD/googletest/googletest/include/gtest/gtest-matchers.h
00008ce6 third-party/googletest/HEAD/googletest/googletest/src/gtest-internal-inl.h
00008d31 recreate_environments_when_repeating
00008d56 basic_string
00008d63  for more explanation and suggested solutions, especially if
00008da0 brief
00008da9 true
00008dae JNIEnv already set to a different value
00008dd6 Application context already set to a different value
00008e0b   <testsuite
00008e18 Failed to construct ArrayList for test suite
00008e45     <testcase
00008e53 throw_on_failure
00008e64 break_on_failure
00008e75 NonTestSuiteFailure
00008e89 Unknown result type
00008e9d line
00008ea2 print_time
00008ead classname
00008eb7 death_test_style
00008ec8 flagfile
00008ed1 shuffle
00008ed9 rxvt-unicode
00008ee6 Failed to find ArrayList.add method
00008f0a completed
00008f14 fail_if_no_test_selected
00008f2d suppressed
00008f38 " encountered
00008f46 skipped
00008f4e Failed
00008f55 disabled
00008f5e fail_if_no_test_linked
00008f75 random_seed
00008f85 Failed to register natives: %d
00008fa4 third-party/googletest/HEAD/googletest/googletest/src/gtest.cc
00008fe3 third-party/googletest/HEAD/googletest/googletest/src/gtest-death-test.cc
0000902d third-party/googletest/HEAD/googletest/googletest/src/gtest-port.cc
00009076 gtest_
0000907d gtest_internal_
0000908d [WARNING]
00009097 [ ERROR ]
000090a1 [  INFO ]
000090ab [ FATAL ]
000090b5 ]]>]]&gt;<![CDATA[
000090c8 : must be in range [
000090dd (Ljava/lang/Object;)Z
000090f3 TESTBRIDGE_TEST_ONLY
00009108 gtest_captured_stream.XXXXXX
00009125 (Landroid/content/Context;)V
00009146 TEST
0000914b TESTBRIDGE_TEST_RUNNER_FAIL_FAST
0000916c TESTS
00009172 SUITES
00009179 TEST_TMPDIR
00009185 NOTRUN
0000918c Returning control from JNI_OnLoad to JVM
000091b5 TERM
000091ba Loading GTest SHIM
000091cd (Ljava/lang/String;Ljava/lang/String;Ljava/lang/String;Ljava/lang/String;)I
00009219 SUITE
0000921f TEST_RESULTS_OUTPUT_FILE
00009238 XML_OUTPUT_FILE
00009248 TEST_PREMATURE_EXIT_FILE
00009261 COMPLETED
0000926b SUPPRESSED
00009276 SKIPPED
0000927e stack != MAP_FAILED
00009294  for test; does the test have access to the /tmp directory?
000092d0 <init>
000092db " type="">
000092e6 internal_run_death_test=
000092ff filter=
00009307 event=TestIterationStart&iteration=
0000932b &line=
00009332 &elapsed_time=
00009341 event=TestStart&name=
00009357 event=TestCaseStart&name=
00009371 event=TestPartResult&file=
0000938c &message=
00009396 event=TestEnd&passed=
000093ac event=TestIterationEnd&passed=
000093cb event=TestProgramEnd&passed=
000093e8 event=TestCaseEnd&passed=
00009402 UninstantiatedTypeParameterizedTestSuite<
0000942c  is not allowed for element <
0000944e &quot;
00009455 &lt;
0000945a &gt;
0000945f (Ljava/lang/Object;Ljava/lang/Object;)Ljava/lang/Object;
00009498 &apos;
0000949f &amp;
000094a5 ()Ljava/util/Map;
000094ba xml:
000094bf  trace:
000094c7 print_utf8
000094d6 read_fd_ == -1
000094e5 child_pid != -1
000094f5 munmap(stack, stack_size) != -1
00009515 pipe(pipe_fd) != -1
00009529 fcntl(pipe_fd[1], F_SETFD, 0) != -1
00009550 exynos9810
0000955b \u00
00009560 gtest_streaming_protocol_version=1.0
00009585 static_cast<size_t>(stack_size) > kMaxStackAlignment && reinterpret_cast<uintptr_t>(stack_top) % kMaxStackAlignment == 0
000095fe /data/local/tmp/
0000960f /proc/
00009616   </
0000961b Failed to get the current working directory.
00009648  this is the last message you see before your test times out.
00009686 of the classes to put the tests into different test suites.
000096c2 couldn't detect the number of threads.
000096e9 Failed to open a pipe for the tee command. Returning without running the test %s.
0000973b No tests were selected to run. Please make sure at least one test exists and is not disabled! If the test is sharded, you may have defined more shards than test cases, which is wasteful. If you also defined --gtest_filter, that filter is taken into account, so shards with no matching test cases will hit this error. Either disable sharding, set --gtest_fail_if_no_test_selected=false, or remove the filter to resolve this error.
000098e9 Global test environment set-up.
00009909 MakeConnection() can't be called when there is already a connection.
0000994e CloseConnection() can be called only when there is a connection.
0000998f Send() can be called only when there is a connection.
000099c5 %s from %s ran.
000099d5  for capturing stream.
000099ec This test program does NOT link in any test case.
00009a1e This is INVALID. Please make sure to link in at least one test case.
00009a63  capturer can exist at a time.
00009a82 " ignored.
00009a8d Please make sure this is intended.
00009aba Cannot generate a number in the range [0, 0).
00009aeb gtest-
00009af2 The value of flag --
00009b07 auxiliary test code (environments or event listeners)
00009b3d sigaction(SIGPROF, &saved_sigprof_action, nullptr)
00009b70 pthread_mutex_init(&mutex_, nullptr)
00009b95 sigaction(SIGPROF, &ignore_sigprof_action, &saved_sigprof_action)
00009bd7 (null)
00009bde  (%s ms total)
00009bed pthread_key_create(&key, &DeleteThreadLocalValue)
00009c1f pthread_setspecific(key_, holder_base)
00009c46 close(args->close_fd)
00009c5c  (core dumped)
00009c6b pthread_key_delete(key_)
00009c84 pthread_mutex_destroy(&mutex_)
00009ca3 pthread_mutex_unlock(&mutex_)
00009cc1 pthread_mutex_lock(&mutex_)
00009cdd close(pipe_fd[1])
00009cef close(pipe_fd[0])
00009d01 posix::Write(write_fd(), &status_ch, 1)
00009d29 waitpid(child_pid_, &status_value, 0)
00009d4f posix::Close(read_fd())
00009d67 SetUp()
00009d6f TearDown()
00009d7a SetUpTestSuite()
00009d8b TearDownTestSuite()
00009d9f execv(
00009da6  is defined via REGISTER_TYPED_TEST_SUITE_P, but never instantiated via INSTANTIATE_TYPED_TEST_SUITE_P. None of the test cases will run.
00009e30 Ideally, TYPED_TEST_P definitions should only ever be included as part of binaries that intend to use them. (As opposed to, for example, being placed in a library that may be linked in to get other utilities.)
00009f03 To suppress this error for this test suite, insert the following line (in a non-header) in the namespace it is defined in:
00009f7f GTEST_ALLOW_UNINSTANTIATED_PARAMETERIZED_TEST(
00009fae Death test count (
00009fc1 ) somehow exceeded expected maximum (
00009fe7 unexpected status byte (
0000a000  value="
0000a009  name="
0000a011       <failure message="
0000a02a       <skipped message="
0000a043 chdir("
0000a04b Key "
0000a051 unrecognized streaming target "
0000a071 WARNING: unrecognized output format "
0000a097 filter "
0000a0a0 C++ exception with description "
0000a0c1 Failed to remove premature exit filepath "
0000a0ec  has value "
0000a0f9 " is not allowed for value "
0000a116 Unknown death test style "
0000a131 Unable to open file "
0000a147     "failure": "
0000a158     "message": "
0000a169  and test 
0000a174 you defined test 
0000a186 Invalid shuffle range start 
0000a1a3 , but have left 
0000a1b4 Exited with exit status 
0000a1cd failed with error 
0000a1e0 " with error 
0000a1ee stream_result_to: failed to connect to 
0000a216 stream_result_to: failed to stream to 
0000a23d  thrown in 
0000a249 , ...) in 
0000a254 Terminated by signal 
0000a26a Invalid shuffle range finish 
0000a288 , but you have 
0000a298 Invalid environment variables: you have 
0000a2c1  has value 
0000a2cd Attribute 
0000a2d8 class.  However, in test suite 
0000a2f8 illegal.  In test suite 
0000a311 Type parameterized test suite 
0000a330 , where 
0000a339 Only one 
0000a343 , line 
0000a34b Failed to open tmp file 
0000a364 Failed to create tmp file 
0000a37f CHECK failed: File 
0000a393 The value of environment variable 
0000a3b6 Environment variable 
0000a3cc tee 
0000a3d1  and 
0000a3d7 Death test child process reported 
0000a3fa detected 
0000a404 Invalid random seed 
0000a419 [==========] 
0000a427 [----------] 
0000a435 [       OK ] 
0000a443 [  SKIPPED ] 
0000a451 [ DISABLED ] 
0000a45f [  PASSED  ] 
0000a46d [  FAILED  ] 
0000a47b [  DEATH   ] 
0000a489 [ RUN      ] 
0000a497 Invalid environment variables: we require 0 <= 
0000a4c7   # %s = 
0000a4d5 Death test: 
0000a4e2 Error while reading death test internal: 
0000a50c Bad --gtest_internal_run_death_test flag: 
0000a537   Expected: 
0000a544 Read from death test child process failed: 
0000a570 stream_result_to: getaddrinfo() failed: 
0000a599 ") failed: 
0000a5a5 Unrecognized xml_element provided: 
0000a5c9 WARNING: 
0000a5d7 Condition vtable_ != nullptr failed. 
0000a5fd Condition base == nullptr || dynamic_cast<Derived*>(base) != nullptr failed. 
0000a64b Condition 0 <= begin && begin <= size failed. 
0000a67a Condition begin <= end && end <= size failed. 
0000a6a9 Condition false failed. 
0000a6c2 Condition range <= kMaxRange failed. 
0000a6e8 Condition 1 <= seed && seed <= kMaxRandomSeed failed. 
0000a71f Condition sockfd_ == -1 failed. 
0000a740 Condition sockfd_ != -1 failed. 
0000a761 Condition range > 0 failed. 
0000a77e Condition posix::FClose(file) == 0 failed. 
0000a7aa Condition !original_working_dir_.IsEmpty() failed. 
0000a7de Condition fwrite(str.data(), 1, str.size(), file) == str.size() failed. 
0000a827 Condition std::find(allowed_names.begin(), allowed_names.end(), name) != allowed_names.end() failed. 
0000a88d  in a threaded context. For this test, 
0000a8b5 ) was requested, 
0000a8c7  - must be in [1, 
0000a8da but this can only generate numbers in [0, 
0000a905 Generation of a number in [0, 
0000a924 : must be in range [0, 
0000a93c             
0000a949 {"start":{"name":"%s.%s", "location":{"classname": "%s", "file": "%s", "name": "%s", "line": %d}}}
0000a9ad {"finish":{"name":"%s.%s","status":%d,"ended_time":%s,"duration":%s}}
0000a9f9  is defined using TEST.  You probably
0000aa20  is defined using TEST_F but
0000aa3e want to change the TEST to TEST_F or move it to another test
0000aa7c class, so mixing TEST_F and TEST in the same test suite is
0000aab8 %s %s
0000aac0 %2d FAILED TEST %s
0000aad5 %2d FAILED %s
0000aae4 , where %s = %s
0000aaf5 Note: %s filter = %s
0000ab0b " did not match any test; no tests were run
0000ab38 the two classes are from different namespaces or translation
0000ab76 using two different test fixture classes.  This can happen if
0000abb5 %s: SetUpTestSuite or TearDownTestSuite
0000abde All tests in the same test suite must use the same test fixture
0000ac1f Failure
0000ac28 units and have the same name.  You should probably rename one
0000ac67 Skipped
0000ac73 "testsuite": [
0000ac83   </testsuite>
0000ac93     </testcase>
0000aca4 </failure>
0000acb0 </skipped>
0000acbc <?xml version="1.0" encoding="UTF-8"?>
0000ace9 %s, listed below:
0000acfc  Error msg:
0000ad09 Actual msg:
0000ad16     Result: died but not with expected exit code:
0000ad49     Result: illegal return in test statement.
0000ad78  unset.
0000ad81 , which overflows.
0000ad95 Running %s from %s.
0000adaa Note: This is test shard %d of %s.
0000adce     Result: died but not with expected error.
0000adfd     Result: threw an exception.
0000ae1e Could not write to the test shard status file "%s" specified by the %s environment variable.
0000ae7c     Result: failed to die.
0000ae98 The default value %s is used.
0000aeb8 IMPORTANT NOTICE - DO NOT IGNORE:
0000aeda This test program did NOT call testing::InitGoogleTest() before calling RUN_ALL_TESTS(). This is INVALID. Soon Google Test will start to enforce the valid usage. Please fix it ASAP, or IT WILL START TO FAIL.
0000afaf Note: Randomizing tests' orders with a seed of %d .
0000afe8  (%s ms)
0000aff2     "type": ""
0000b002   YOU HAVE %d DISABLED %s
0000b01f Repeating all tests (iteration %d) . . .
0000b04a %s from %s (%s ms total)
0000b065 N12_GLOBAL__N_112TestListenerE
0000b084 N7testing22EmptyTestEventListenerE
0000b0a7 N7testing17TestEventListenerE
0000b0e4 MbP?fast
0000b0ed unknown file
0000b0fb Stack trace:
0000b109 test_detail
0000b117 GTEST_TOTAL_SHARDS
0000b12a GTEST_SHARD_INDEX
0000b13c TypeParam
0000b146 N7testing8internal26GoogleTestFailureExceptionE
0000b176 *DeathTest:*DeathTest/*
0000b18e GTEST_SHARD_STATUS_FILE
0000b1a6 DISABLED_*:*/DISABLED_*
0000b1be GetParam()
0000b1c9 N7testing8internal23DefaultDeathTestFactoryE
0000b1f6 N7testing8internal16DeathTestFactoryE
0000b21c N7testing8internal18OsStackTraceGetterE
0000b244 N7testing8internal27OsStackTraceGetterInterfaceE
0000b275 N7testing8internal35DefaultGlobalTestPartResultReporterE
0000b2ae N7testing31TestPartResultReporterInterfaceE
0000b2da N7testing8internal38DefaultPerThreadTestPartResultReporterE
0000b316 N7testing8internal13DeathTestImplE
0000b339 N7testing8internal9DeathTestE
0000b357 N7testing8internal16ForkingDeathTestE
0000b37d N7testing8internal15NoExecDeathTestE
0000b3a2 N7testing8internal13ExecDeathTestE
0000b3c5 N7testing4TestE
0000b3d5 N7testing9TestSuiteE
0000b3ea N7testing8internal27PrettyUnitTestResultPrinterE
0000b41b N7testing8internal26BriefUnitTestResultPrinterE
0000b44b N7testing8internal17TestEventRepeaterE
0000b472 N7testing8internal24XmlUnitTestResultPrinterE
0000b4a0 N7testing8internal25JsonUnitTestResultPrinterE
0000b4cf N7testing8UnitTestE
0000b4e3 N7testing8internal12UnitTestImplE
0000b505 N7testing7MatcherIRKNSt6__ndk112basic_stringIcNS1_11char_traitsIcEENS1_9allocatorIcEEEEEE
0000b55f N7testing8internal11MatcherBaseIRKNSt6__ndk112basic_stringIcNS2_11char_traitsIcEENS2_9allocatorIcEEEEEE
0000b5c7 N7testing25MatcherDescriberInterfaceE
0000b5ee N7testing8internal26ThreadLocalValueHolderBaseE
0000b61e N7testing8internal11ThreadLocalINSt6__ndk16vectorINS0_9TraceInfoENS2_9allocatorIS4_EEEEE11ValueHolderE
0000b685 N7testing8internal17StreamingListenerE
0000b6ac N7testing8internal17StreamingListener12SocketWriterE
0000b6e1 N7testing8internal17StreamingListener20AbstractSocketWriterE
0000b71e TEST_WARNINGS_OUTPUT_FILE
0000b738 N7testing8internal24DummyMatchResultListenerE
0000b766 N7testing19MatchResultListenerE
0000b786 N7testing8internal15TestFactoryBaseE
0000b7ab N7testing8internal12_GLOBAL__N_111FailureTestE
0000b7da ZN7testing12RegisterTestITpTnRiJEZNS_8internal34TypeParameterizedTestSuiteRegistry22CheckForInstantiationsEvE3$_0EEPNS_8TestInfoEPKcS8_S8_S8_S8_iT0_E11FactoryImpl
0000b87d N7testing8internal11ThreadLocalIPNS_31TestPartResultReporterInterfaceEE11ValueHolderE
0000b8d3 N7testing18AssertionExceptionE
0000b8f2 N7testing8internal11ThreadLocalIPNS_31TestPartResultReporterInterfaceEE26InstanceValueHolderFactoryE
0000b957 N7testing8internal11ThreadLocalIPNS_31TestPartResultReporterInterfaceEE18ValueHolderFactoryE
0000b9b4 N7testing8internal11ThreadLocalINSt6__ndk16vectorINS0_9TraceInfoENS2_9allocatorIS4_EEEEE25DefaultValueHolderFactoryE
0000ba29 N7testing8internal11ThreadLocalINSt6__ndk16vectorINS0_9TraceInfoENS2_9allocatorIS4_EEEEE18ValueHolderFactoryE
0000ba97 This program contains tests written using Google Test. You can use the
0000bade following command line flags to control its behavior:
0000bb15 Test Selection:
0000bb25   @G--gtest_list_tests@D
0000bb3e       List the names of all tests instead of running them. The name of
0000bb85       TEST(Foo, Bar) is "Foo.Bar".
0000bba8   @G--gtest_filter=@YPOSITIVE_PATTERNS[@G-@YNEGATIVE_PATTERNS]@D
0000bbe9       Run only the tests whose name matches one of the positive patterns but
0000bc36       none of the negative patterns. '?' matches any single character; '*'
0000bc81       matches any substring; ':' separates two patterns.
0000bcba   @G--gtest_also_run_disabled_tests@D
0000bce0       Run all disabled tests too.
0000bd03 Test Execution:
0000bd13   @G--gtest_repeat=@Y[COUNT]@D
0000bd32       Run the tests repeatedly; use a negative count to repeat forever.
0000bd7a   @G--gtest_shuffle@D
0000bd90       Randomize tests' orders on every iteration.
0000bdc2   @G--gtest_random_seed=@Y[NUMBER]@D
0000bde7       Random number seed to use for shuffling test orders (between 1 and
0000be30       99999, or 0 to use a seed based on the current time).
0000be6c   @G--gtest_recreate_environments_when_repeating@D
0000be9f       Sets up and tears down the global test environment on each repeat
0000bee7       of the test.
0000befb Test Output:
0000bf08   @G--gtest_color=@Y(@Gyes@Y|@Gno@Y|@Gauto@Y)@D
0000bf38       Enable/disable colored output. The default is @Gauto@D.
0000bf76   @G--gtest_brief=1@D
0000bf8c       Only print test failures.
0000bfac   @G--gtest_print_time=0@D
0000bfc7       Don't print the elapsed time of each test.
0000bff8   @G--gtest_output=@Y(@Gjson@Y|@Gxml@Y)[@G:@YDIRECTORY_PATH@G/@Y|@G:@YFILE_PATH]@D
0000c04b       Generate a JSON or XML report in the given directory or with the given
0000c098       file name. @YFILE_PATH@D defaults to @Gtest_detail.xml@D.
0000c0d8   @G--gtest_stream_result_to=@YHOST@G:@YPORT@D
0000c107       Stream test results to the given server.
0000c137 Assertion Behavior:
0000c14b   @G--gtest_death_test_style=@Y(@Gfast@Y|@Gthreadsafe@Y)@D
0000c186       Set the default death test style.
0000c1ae   @G--gtest_break_on_failure@D
0000c1cd       Turn assertion failures into debugger break-points.
0000c207   @G--gtest_throw_on_failure@D
0000c226       Turn assertion failures into C++ exceptions for use by an external
0000c26f       test framework.
0000c285   @G--gtest_catch_exceptions=0@D
0000c2a6       Do not report exceptions as test failures. Instead, allow them
0000c2eb       to crash the program or throw a pop-up (on Windows).
0000c327 Except for @G--gtest_list_tests@D, you can alternatively set the corresponding
0000c376 environment variable of a flag (all letters in upper-case). For example, to
0000c3c2 disable colored text output, you can either specify @G--gtest_color=no@D or set
0000c412 the @GGTEST_COLOR@D environment variable to @Gno@D.
0000c447 For more information, please read the Google Test documentation at
0000c48a @Ghttps://github.com/google/googletest/@D. If you find a bug in Google Test
0000c4d6 (not one in your own code or tests), please report it to
0000c50f @G<googletestframework@@googlegroups.com>@D.
0000c55c 18MetaResultReporter
0000f301 zPLR
00011d4d CA9h
00011ef9 *@9z
00011f91 CA9h
000120f1 CA9h
00012280 H#@9i
000122e8 	`@9h
0001232f TH#@9I
000126ef 6`6@
00012ef7 9`6@
000135e7 8`:@
00013a85 CA9h
00013ab5 CA9h
00013c9d c@9h
00013ff9 #@9h
0001404d #@9h
000142b3 6`.@
00014bc9 cA9h
0001531d c@9h
0001539d #B9h
000153c9 CA9h
000159dd CA9h
000161a1 #B9h
000162d5 #B9H
00016331 CA9h
00016809 cA9h
00016a29 W~)	
00016a33 7		@
00016ff5 #@9h
00017589 CA9h
00017621 k7xkz
000176cd #@9h
000177b9 #@9h
00017891 #@9h
000179f5 #@9h
00017d69 #@9h
00017fe5 #@9h
0001822b Rhj4x
000183d5 #@9h
00018a21 C@9h
00018b29 C@9h
00018bdd C@9h
00018d71 it8	
00018de5 #@9h
00018e65 #@9h
00018f9d C@9h
000190f2 @9	 @
000194b8 hb@9h
000197f9 c@9h
0001986d cA9h
00019af9 c@9h
00019b55 c@9h
00019c44 (cA9
00019dc7 r('@
00019deb 9)1@
00019f39 CA9h
00019f69 cB9h
0001a1a3 7		@
0001a213 6`"@
0001a21c hb@9h
0001a2cb 7		@
0001a5d1 #A9h
0001a628 	A@9
0001a74d c@9h
0001a7a4 	A@9
0001af53 =)	@
0001afea @9	 @
0001b285 #@9h
0001ba21 #@9h
0001ba75 #@9h
0001bf63 T?A!
0001bfb3 T?A!
0001c2be @9hB
0001c2e6 @9k=E
0001c2f6 @9hr
0001c347 6`^@
0001c357 6`F@
0001c367 6`6@
0001c377 6`*@
0001c4b0 +c@983@
0001c4bc 	a@9
0001cb25 #@9h
0001ce41 C@9h
0001d077 6`*@
0001d103 6`*@
0001d134 hb@9h
0001d23d #@9h
0001d809 C@9h
0001d8d2 A9i*@
0001d979 #@9h
0001da6f 6`*@
0001da88 h"@9
0001dcbc h"@9
0001e053 Th"@
0001e137 Ti"@
0001e309 C@9h
0001e6e9 c@9h
0001e88b Th"@
0001e965 c@9h
0001ea81 "K9H
0001ed59 #@9h
0001ee81 #@9h
0001f035 #@9h
0001f2a8 j"@9
0001f421 #@9h
0001f475 #@9h
0001f4bc jb@9
0001f52c jb@9
0001f69c jb@9
0001f6e3 Thz@
0001f96e @9h>@
0001f978 y"@9w
0001f9c9 #@9h
0001fb57 T)yz
0001fbb3 T)y{
0001fd13 T)yw
0001fd4d #@9	
0001fe03 4i"@
0001fe43 T)yw
0001fe9f T)yx
0001fee4 Jc@9
0001ff23 Ti"@
00020031 #@9h
00020063 Th"@
000202ac jb@9
000202e7 Thz@
00020445 #@9h
00020477 Th"@
00020f64 h"@9i
00021089 #@9h
00021265 #@9h
000212e1 #@9h
000213d9 C@9h
00021435 C@9h
00021491 C@9h
000214e5 C@9h
00021539 C@9h
0002158d C@9h
000215fd C@9h
00021651 C@9h
0002197d #@9h
000219d1 #@9h
00021d09 #@9h
000224a5 c@9h
00022505 #A9h
00022525 CD9h
00022555 CC9h
000226a9 #A9h
000226c9 CD9h
000226f9 CC9h
00022729 cB9h
000229d9 #@9h
00022cf9 c@9h
00022d6d c@9h
00022de1 c@9h
00022e55 c@9h
00022ec9 c@9h
00022f3d c@9h
00022fad c@9h
0002301d c@9h
000231c5 c@9h
00023239 c@9h
000232ad c@9h
00023321 c@9h
00023391 c@9h
00023401 c@9h
00023598 H#@9A#@
000235af rJ#A
00023635 k;xJ
00023761 k;xJ
0002376a A9I+@
000237a9 c@9h
000237dd c@9h
0002385c H#@9A#@
00023873 rJ#A
000238f9 k;xJ
00023a25 k;xJ
00023a2e A9I+@
00023a6d c@9h
00023aa1 c@9h
00023d0a A9h"
00023d65 C@9h
00023de9 C@9h
00023e6d C@9h
00023ecd C@9h
00023f25 C@9h
00023fb9 C@9h
0002403d C@9h
0002408d C@9h
000240dd C@9h
0002412d C@9h
00024451 #@9h
000244e1 #@9h
00024715 C@9h
000247a5 C@9h
00024811 C@9h
000248ad C@9h
00024909 C@9h
0002495d C@9h
000249ad C@9h
000249fd C@9h
00024c50 h"@9i
00024d75 #@9h
00025039 #@9h
00025095 #@9h
00025263 R	)K
000255ed #@9(
00025865 #@9h
00025c31 #@9h
00025f75 #@9h
00026015 #@9h
0002667d #@9h
0002670d CA9h
00026891 CA9h
000268e1 #B9h
00026a01 #@9h
00026aa5 #@9h
00026b49 #@9h
00026be9 #@9h
00026c89 #@9h
00026d2d #@9h
00027030 Hc@9I
000270a1 C@9h
000272b4 (#@9!#@
000272cb r*#A
00027357 RHk6x*
00027362 A9)+@
000273c5 c@9h
000274b5 #A9h
000276b6 A9	+@
00027711 c@9h
000277d5 #A9h
00027a95 #@9h
00027b21 #@9h
00027bad #@9h
00027c15 #@9h
00027d45 #@9h
00027dd1 #@9h
00027e29 #@9h
00027e81 #@9h
00027ed9 #@9h
00028169 #@9h
00028345 #@9h
0002839d #@9h
00028bb0 iB@9
00028bbe @9xF
00028d0c hB@9j
00028d3a @9j&C
00028fa3 T)Ya
0002902f pi"@
0002903a 	9`"@
0002925d C@9h
0002960b *)9E
000298be A9	(@
0002a4d4 hB@9
0002a591 	@9?
0002a6ed #@9(
0002a7bb RsBE
0002a935 c@9h
0002aaec (#@9*
0002b5cd c@9	
0002b6b2 @y)	@9_
0002b7a1 	@9?
0002b86d c@9h
0002b9b9 CA9h
0002ba93 T	x@
0002bd90 	 @9
0002bdb4 	 @9
0002c1ed #@9h
0002c2a1 #@9h
0002c38f T)}@
0002c397 *hzi
0002c3c5 #@9h
0002c41d 	@y?
0002ca2c 	 @9
0002ca6c 	 @9
0002d0c4 	A@9
0002d38d C@9(
0002d9c9  @9	
0002d9e4 h"@9
0002dbe9 `@9H
0002de8f 7		@
0002dec3 7		@
0002deef 7		@
0002e033 <	!@
0002e053 <	)@
0002e0f5 `@9H
0002e123 6`*@
0002e13c h"@9
0002ea0f =a"@
0002ef1a @9	ii8
0002ef26 _8I!	
0002f211 80.	
0002f317 ThB@9
0002f39c hB@9t
0002fa57 7		@
0002fb20 (a@9
0002fb27 7(	@
0002fd60 (`@9
000305a1 #@9h
000305f1 #@9h
000306a1 #@9h
000306f5 #@9h
000307a5 #@9h
000307f9 #@9h
0003083c ( @9	
00030847 r* A
00030a15 CA9h
00030c89 C@9h
00030ed9 C@9h
00031131 C@9h
000312c5 #@9h
00031325 #@9h
00031380 hB@9
000314a8 hB@9j
000314da @9j&C
0003168d j5xh
000316a5 #@9h
000320cb 6`"@
000320d4 hB@9h
0003212b 6`"@
00032134 hB@9h
000321d0 hB@9i
0003252b 6`&@
00032544 h"@9
0003258b 6`&@
000325a4 h"@9h
0003290a @9)!E
0003292a A9)%E
0003294c hBB9))E
00032954 jFB9k-E
00032964 hJB9j
00032990 jrB9k9E
000329a0 hvB9j
000329e7 6`^@
000329f7 6`F@
00032a07 6`6@
00032a17 6`*@
00032d3f rH+@
00032d9b rh+@
00032dcf T{j:
00032ed6 A9	+@
00032ee7 r(+@
0003305a A9I+@
0003306b r(+@
000330bf rh+@
000331a6 A9	+@
000331b7 r(+@
000332c2 A9	+@
000332de A9)+@
00033396 A9	+@
0003344a A9i+@
000335ca A9	+@
000341a1 80.	
00034c9d c@9h
00034d01 c@9h
00035671 C@9H
000358b1 #@9h
00035929 #@9h
00035a35 #@9h
00035c81 #@9h
00035d55 rK9p
00035e15 rK9p
00038129 .init_array
00038135 .fini_array
00038141 .text
00038147 .got
0003814c .note.android.ident
00038160 .got.plt
00038169 .rela.plt
00038173 .bss
00038178 .dynstr
00038180 .eh_frame_hdr
0003818e .gnu.version_r
0003819d .data.rel.ro
000381aa .relr.dyn
000381b4 .rela.dyn
000381be .gnu.version
000381cb .dynsym
000381d3 .gnu.hash
000381dd .relro_padding
000381ec .eh_frame
000381f6 .gcc_except_table
00038208 .note.gnu.build-id
0003821b .dynamic
00038224 .shstrtab
0003822e .rodata
00038236 .data
